\BOOKMARK [0][-]{chapter*.2}{Notation}{}% 1
\BOOKMARK [0][-]{chapter.1}{Introduction}{}% 2
\BOOKMARK [1][-]{section.1.1}{Online\040outlier\040detection\040in\040multivariate\040time\040series}{chapter.1}% 3
\BOOKMARK [1][-]{section.1.2}{The\040complexity\040of\040finding\040outliers\040in\040multivariate\040time\040series}{chapter.1}% 4
\BOOKMARK [1][-]{section.1.3}{Unsupervised\040online\040methods}{chapter.1}% 5
\BOOKMARK [1][-]{section.1.4}{Outline\040of\040this\040thesis}{chapter.1}% 6
\BOOKMARK [0][-]{chapter.2}{Reconstruction-based\040outlier\040detection}{}% 7
\BOOKMARK [1][-]{section.2.1}{Mappings,\040reconstructions\040and\040outlier\040scores}{chapter.2}% 8
\BOOKMARK [1][-]{section.2.2}{Reconstruction-based\040outlier\040detection\040methods}{chapter.2}% 9
\BOOKMARK [1][-]{section.2.3}{Baseline:\040online\040principal\040component\040approximation}{chapter.2}% 10
\BOOKMARK [1][-]{section.2.4}{Open\040challenges}{chapter.2}% 11
\BOOKMARK [0][-]{chapter.3}{The\040random\040projection\040method}{}% 12
\BOOKMARK [1][-]{section.3.1}{Making\040use\040of\040random\040projections}{chapter.3}% 13
\BOOKMARK [1][-]{section.3.2}{Fundamental\040building\040blocks}{chapter.3}% 14
\BOOKMARK [1][-]{section.3.3}{The\040proposed\040method}{chapter.3}% 15
\BOOKMARK [0][-]{chapter.4}{Analysis}{}% 16
\BOOKMARK [1][-]{section.4.1}{Analysis\040setup}{chapter.4}% 17
\BOOKMARK [1][-]{section.4.2}{The\040inner\040working\040of\040the\040RP\040method}{chapter.4}% 18
\BOOKMARK [1][-]{section.4.3}{A\040bird's-eye\040view}{chapter.4}% 19
\BOOKMARK [1][-]{section.4.4}{Detecting\040contextual\040outliers}{chapter.4}% 20
\BOOKMARK [1][-]{section.4.5}{RP\040and\040deltaRP\040in\040online\040mode}{chapter.4}% 21
\BOOKMARK [1][-]{section.4.6}{Conclusions}{chapter.4}% 22
\BOOKMARK [0][-]{chapter.5}{Experiments}{}% 23
\BOOKMARK [1][-]{section.5.1}{Experimental\040setup}{chapter.5}% 24
\BOOKMARK [1][-]{section.5.2}{Results\040with\040water\040treatment\040plant\040data}{chapter.5}% 25
\BOOKMARK [1][-]{section.5.3}{Results\040with\040non-temporal\040benchmark\040data}{chapter.5}% 26
\BOOKMARK [1][-]{section.5.4}{Conclusions}{chapter.5}% 27
\BOOKMARK [0][-]{chapter.6}{Conclusion}{}% 28
\BOOKMARK [1][-]{section.6.1}{Summary}{chapter.6}% 29
\BOOKMARK [1][-]{section.6.2}{Conclusions}{chapter.6}% 30
\BOOKMARK [1][-]{section.6.3}{Future\040work}{chapter.6}% 31
\BOOKMARK [0][-]{chapter*.44}{Acknowledgements}{}% 32
\BOOKMARK [0][-]{chapter*.45}{Bibliography}{}% 33
\BOOKMARK [0][-]{appendix.A}{Additional\040analysis\040results}{}% 34
\BOOKMARK [1][-]{section.A.1}{Detection\040performance\040of\040RP\040with\040different\040window\040sizes}{appendix.A}% 35
\BOOKMARK [1][-]{section.A.2}{RP\040and\040deltaRP\040on\040standardized\040data}{appendix.A}% 36
\BOOKMARK [0][-]{appendix.B}{Additional\040experiments\040results}{}% 37
\BOOKMARK [1][-]{section.B.1}{Visualization\040of\040water\040treatment\040plant\040data}{appendix.B}% 38
\BOOKMARK [1][-]{section.B.2}{Results\040with\040unstandardized\040non-temporal\040data\040sets}{appendix.B}% 39
